----------------------------------------------------------------
Wed Aug 05 09:41:23 IST 2020:
Booting Derby version The Apache Software Foundation - Apache Derby - 10.8.2.2 - (1181258): instance a816c00e-0173-bcd1-0c37-00000bcc8590 
on database directory C:\Users\Sowjanya\Desktop\stub_example\tessy\persist\ite\itedb  with class loader org.eclipse.osgi.internal.baseadaptor.DefaultClassLoader@339623be 
Loaded from file:/C:/Program Files/Razorcat/TESSY_4.2/bin/plugins/org.apache.derby_10.8.2.2_v201605172130.jar
java.vendor=Oracle Corporation
java.runtime.version=1.8.0_171-b11
user.dir=C:\Program Files\Razorcat\TESSY_4.2\bin
derby.system.home=null
derby.stream.error.file=C:\Users\Sowjanya\Desktop\stub_example\tessy\persist\ite\derby.log
Database Class Loader started - derby.database.classpath=''
----------------------------------------------------------------
Wed Aug 05 09:41:25 IST 2020:
Booting Derby version The Apache Software Foundation - Apache Derby - 10.8.2.2 - (1181258): instance 601a400f-0173-bcd1-0c37-00000bcc8590 
on database directory C:\Users\Sowjanya\Desktop\stub_example\tessy\persist\ite\edb  with class loader org.eclipse.osgi.internal.baseadaptor.DefaultClassLoader@339623be 
Loaded from file:/C:/Program Files/Razorcat/TESSY_4.2/bin/plugins/org.apache.derby_10.8.2.2_v201605172130.jar
java.vendor=Oracle Corporation
java.runtime.version=1.8.0_171-b11
user.dir=C:\Program Files\Razorcat\TESSY_4.2\bin
derby.system.home=null
derby.stream.error.file=C:\Users\Sowjanya\Desktop\stub_example\tessy\log\derby.log
Database Class Loader started - derby.database.classpath=''
----------------------------------------------------------------
Wed Aug 05 09:41:27 IST 2020:
Booting Derby version The Apache Software Foundation - Apache Derby - 10.8.2.2 - (1181258): instance 437c8055-0173-bcd1-0c37-00000bcc8590 
on database directory C:\Users\Sowjanya\Desktop\stub_example\tessy\persist\tessy\tessydb  with class loader org.eclipse.osgi.internal.baseadaptor.DefaultClassLoader@339623be 
Loaded from file:/C:/Program Files/Razorcat/TESSY_4.2/bin/plugins/org.apache.derby_10.8.2.2_v201605172130.jar
java.vendor=Oracle Corporation
java.runtime.version=1.8.0_171-b11
user.dir=C:\Program Files\Razorcat\TESSY_4.2\bin
derby.system.home=null
derby.stream.error.file=C:\Users\Sowjanya\Desktop\stub_example\tessy\persist\tessy\derby.log
Database Class Loader started - derby.database.classpath=''
----------------------------------------------------------------
Wed Aug 05 09:41:27 IST 2020:
Booting Derby version The Apache Software Foundation - Apache Derby - 10.8.2.2 - (1181258): instance bbbd0058-0173-bcd1-0c37-00000bcc8590 
on database directory C:\Users\Sowjanya\Desktop\stub_example\tessy\persist\ite\cache  with class loader org.eclipse.osgi.internal.baseadaptor.DefaultClassLoader@339623be 
Loaded from file:/C:/Program Files/Razorcat/TESSY_4.2/bin/plugins/org.apache.derby_10.8.2.2_v201605172130.jar
java.vendor=Oracle Corporation
java.runtime.version=1.8.0_171-b11
user.dir=C:\Program Files\Razorcat\TESSY_4.2\bin
derby.system.home=null
derby.stream.error.file=C:\Users\Sowjanya\Desktop\stub_example\tessy\persist\ite\derby.log
Database Class Loader started - derby.database.classpath=''
----------------------------------------------------------------
Wed Aug 05 09:43:56 IST 2020:
Shutting down instance 437c8055-0173-bcd1-0c37-00000bcc8590 on database directory C:\Users\Sowjanya\Desktop\stub_example\tessy\persist\tessy\tessydb with class loader org.eclipse.osgi.internal.baseadaptor.DefaultClassLoader@339623be 
